{"level":"info","ts":1645637558.2573879,"msg":"get by User ID : 12"}
{"level":"info","ts":1645637786.9816399,"msg":"Register : {}"}
{"level":"info","ts":1645637835.5808935,"msg":"Register : {\"id\":0,\"userName\":\"Reid70\",\"accountname\":\"Derrick Aufderhar\",\"password\":\"\",\"balance\":0,\"last_update_by\":\"\",\"last_update\":\"0001-01-01T00:00:00Z\"}"}
{"level":"info","ts":1645637937.9036381,"msg":"Login : {\"username\":\"Jesus47\",\"password\":\"d03822d4efab331d962067da6fd81204e0ce6fab7886ba9786d383c818ec6ec2\"}"}
{"level":"info","ts":1645639170.4271164,"msg":"Applied 0 migrations!"}
{"level":"info","ts":1645639212.0231662,"msg":"Applied 0 migrations!"}
{"level":"info","ts":1645639329.1631498,"msg":"Applied 0 migrations!"}
{"level":"info","ts":1645639467.873276,"msg":"Applied 0 migrations!"}
{"level":"info","ts":1645639601.3093693,"msg":"Cannot open database  2!dial tcp: lookup tcp/%!d(string=5432): Servname not supported for ai_socktype"}
{"level":"info","ts":1645639601.310091,"msg":"Applied 0 migrations!"}
{"level":"info","ts":1645639736.496043,"msg":"Applied 1 migrations!"}
{"level":"info","ts":1645639847.0371466,"msg":"Applied 2 migrations!"}
{"level":"info","ts":1645639891.7542903,"msg":"Applied 1 migrations!"}
{"level":"info","ts":1645639923.3090487,"msg":"Applied 0 migrations!"}
{"level":"info","ts":1645639997.4428914,"msg":"Applied 2 migrations!"}
{"level":"info","ts":1645640033.1819239,"msg":"Applied 1 migrations!"}
{"level":"info","ts":1645640089.7869573,"msg":"Applied 2 migrations!"}
{"level":"info","ts":1645661009.789232,"msg":"Applied 0 migrations!"}
{"level":"info","ts":1645661032.0426972,"msg":"Register : {\"id\":0,\"userName\":\"Astrid7\",\"accountname\":\"Darryl Ondricka\",\"password\":\"\",\"balance\":0,\"last_update_by\":\"\",\"last_update\":\"0001-01-01T00:00:00Z\"}"}
{"level":"info","ts":1645661263.2892354,"msg":"Login : {\"username\":\"Astrid7\",\"password\":\"b5f122be99a8fd658ae62974e473b347ab0a0d18cde6f22caa366dbf1cf0da89\"}"}
{"level":"info","ts":1645661276.2644546,"msg":"get by User ID : 2"}
{"level":"info","ts":1645712272.7073538,"msg":"Applied 2 migrations!"}
{"level":"info","ts":1645712289.3002827,"msg":"Applied 0 migrations!"}
{"level":"info","ts":1645712336.7075388,"msg":"Applied 0 migrations!"}
{"level":"info","ts":1645712487.0947158,"msg":"Applied 0 migrations!"}
{"level":"info","ts":1645713489.8420289,"msg":"Applied 0 migrations!"}
